SonarCloud plugins:
  - Python Code Quality and Security 4.9.0.13528 (python)
  - Dataflow Bug Detection Rules for Python 1.18.0.5108 (dbdpythonfrontend)
  - Dataflow Bug Detection 1.18.0.5108 (dbd)
  - JaCoCo 1.3.0.1538 (jacoco)
  - IaC Code Quality and Security 1.21.0.5999 (iac)
  - Dataflow Bug Detection Rules for Java 1.18.0.5108 (dbdjavafrontend)
  - JavaScript/TypeScript/CSS Code Quality and Security 10.7.0.22914 (javascript)
  - Vulnerability Rules for C# 10.3.0-M1.25227 (securitycsharpfrontend)
  - Vulnerability Rules for Java 10.3.0-M1.25227 (securityjavafrontend)
  - License for SonarLint 8.0.0.47838 (license)
  - Vulnerability Analysis 10.3.0-M1.25227 (security)
  - Vulnerability Rules for JS 10.3.0-M1.25227 (securityjsfrontend)
  - Java Code Quality and Security 7.24.0.32100 (java)
  - COBOL Code Quality 5.5.0.6450 (cobol)
  - Vulnerability Rules for Python 10.3.0-M1.25227 (securitypythonfrontend)
  - XML Code Quality and Security 2.10.0.4108 (xml)
  - PHP Code Quality and Security 3.32.0.10180 (php)
  - Text Code Quality and Security 2.5.0.2293 (text)
  - ABAP Code Quality and Security 3.13.0.4389 (abap)
  - Configuration detection for Code Quality and Security 1.3.0.654 (config)
  - Vulnerability Rules for PHP 10.3.0-M1.25227 (securityphpfrontend)
Project server settings:
  - sonar.abap.file.suffixes=.abap,.ab4,.flow,.asprog
  - sonar.apex.file.suffixes=.cls,.trigger
  - sonar.c.file.suffixes=.c,.h
  - sonar.cpp.file.suffixes=.cc,.cpp,.cxx,.c++,.hh,.hpp,.hxx,.h++,.ipp
  - sonar.cs.file.suffixes=.cs,.razor
  - sonar.css.file.suffixes=.css,.less,.scss
  - sonar.docker.file.patterns=Dockerfile,*.dockerfile
  - sonar.flex.file.suffixes=as
  - sonar.go.file.suffixes=.go
  - sonar.html.file.suffixes=.html,.xhtml,.cshtml,.vbhtml,.aspx,.ascx,.rhtml,.erb,.shtm,.shtml,.cmp,.twig
  - sonar.java.file.suffixes=.java,.jav
  - sonar.javascript.file.suffixes=.js,.jsx,.cjs,.mjs,.vue
  - sonar.json.file.suffixes=.json
  - sonar.jsp.file.suffixes=.jsp,.jspf,.jspx
  - sonar.kotlin.file.suffixes=.kt,.kts
  - sonar.objc.file.suffixes=.m
  - sonar.php.file.suffixes=php,php3,php4,php5,phtml,inc
  - sonar.plsql.file.suffixes=sql,tab,pkb
  - sonar.python.file.suffixes=py
  - sonar.ruby.file.suffixes=.rb
  - sonar.scala.file.suffixes=.scala
  - sonar.swift.file.suffixes=.swift
  - sonar.terraform.file.suffixes=.tf
  - sonar.tsql.file.suffixes=.tsql
  - sonar.typescript.file.suffixes=.ts,.tsx,.cts,.mts
  - sonar.vbnet.file.suffixes=.vb
  - sonar.xml.file.suffixes=.xml,.xsd,.xsl,.config
  - sonar.yaml.file.suffixes=.yaml,.yml
Project scanner properties:
  - sonar.binaries=C:\Users\jonan\Documents\GitHub\Bet22Lite-master\target\classes
  - sonar.groovy.binaries=C:\Users\jonan\Documents\GitHub\Bet22Lite-master\target\classes
  - sonar.host.url=https://sonarcloud.io
  - sonar.java.binaries=C:\Users\jonan\Documents\GitHub\Bet22Lite-master\target\classes
  - sonar.java.enablePreview=false
  - sonar.java.libraries=C:\Users\jonan\.m2\repository\com\toedter\jcalendar\1.4\jcalendar-1.4.jar,C:\Users\jonan\.m2\repository\jakarta\xml\bind\jakarta.xml.bind-api\2.3.2\jakarta.xml.bind-api-2.3.2.jar,C:\Users\jonan\.m2\repository\jakarta\activation\jakarta.activation-api\1.2.1\jakarta.activation-api-1.2.1.jar,C:\Users\jonan\.m2\repository\org\glassfish\jaxb\jaxb-runtime\2.3.2\jaxb-runtime-2.3.2.jar,C:\Users\jonan\.m2\repository\org\glassfish\jaxb\txw2\2.3.2\txw2-2.3.2.jar,C:\Users\jonan\.m2\repository\com\sun\istack\istack-commons-runtime\3.0.8\istack-commons-runtime-3.0.8.jar,C:\Users\jonan\.m2\repository\org\jvnet\staxex\stax-ex\1.8.1\stax-ex-1.8.1.jar,C:\Users\jonan\.m2\repository\com\sun\xml\fastinfoset\FastInfoset\1.2.16\FastInfoset-1.2.16.jar,C:\Users\jonan\.m2\repository\jakarta\xml\ws\jakarta.xml.ws-api\2.3.2\jakarta.xml.ws-api-2.3.2.jar,C:\Users\jonan\.m2\repository\jakarta\xml\soap\jakarta.xml.soap-api\1.4.1\jakarta.xml.soap-api-1.4.1.jar,C:\Users\jonan\.m2\repository\jakarta\annotation\jakart...
  - sonar.java.source=1.8
  - sonar.java.target=1.8
  - sonar.java.test.binaries=C:\Users\jonan\Documents\GitHub\Bet22Lite-master\target\test-classes
  - sonar.java.test.libraries=C:\Users\jonan\Documents\GitHub\Bet22Lite-master\target\classes,C:\Users\jonan\.m2\repository\junit\junit\4.13.2\junit-4.13.2.jar,C:\Users\jonan\.m2\repository\org\hamcrest\hamcrest-core\1.3\hamcrest-core-1.3.jar,C:\Users\jonan\.m2\repository\com\toedter\jcalendar\1.4\jcalendar-1.4.jar,C:\Users\jonan\.m2\repository\jakarta\xml\bind\jakarta.xml.bind-api\2.3.2\jakarta.xml.bind-api-2.3.2.jar,C:\Users\jonan\.m2\repository\jakarta\activation\jakarta.activation-api\1.2.1\jakarta.activation-api-1.2.1.jar,C:\Users\jonan\.m2\repository\org\glassfish\jaxb\jaxb-runtime\2.3.2\jaxb-runtime-2.3.2.jar,C:\Users\jonan\.m2\repository\org\glassfish\jaxb\txw2\2.3.2\txw2-2.3.2.jar,C:\Users\jonan\.m2\repository\com\sun\istack\istack-commons-runtime\3.0.8\istack-commons-runtime-3.0.8.jar,C:\Users\jonan\.m2\repository\org\jvnet\staxex\stax-ex\1.8.1\stax-ex-1.8.1.jar,C:\Users\jonan\.m2\repository\com\sun\xml\fastinfoset\FastInfoset\1.2.16\FastInfoset-1.2.16.jar,C:\Users\jonan\.m2\repository\jakarta\xml\ws\j...
  - sonar.junit.reportPaths=C:\Users\jonan\Documents\GitHub\Bet22Lite-master\target\surefire-reports
  - sonar.junit.reportsPath=C:\Users\jonan\Documents\GitHub\Bet22Lite-master\target\surefire-reports
  - sonar.libraries=C:\Users\jonan\.m2\repository\com\toedter\jcalendar\1.4\jcalendar-1.4.jar,C:\Users\jonan\.m2\repository\jakarta\xml\bind\jakarta.xml.bind-api\2.3.2\jakarta.xml.bind-api-2.3.2.jar,C:\Users\jonan\.m2\repository\jakarta\activation\jakarta.activation-api\1.2.1\jakarta.activation-api-1.2.1.jar,C:\Users\jonan\.m2\repository\org\glassfish\jaxb\jaxb-runtime\2.3.2\jaxb-runtime-2.3.2.jar,C:\Users\jonan\.m2\repository\org\glassfish\jaxb\txw2\2.3.2\txw2-2.3.2.jar,C:\Users\jonan\.m2\repository\com\sun\istack\istack-commons-runtime\3.0.8\istack-commons-runtime-3.0.8.jar,C:\Users\jonan\.m2\repository\org\jvnet\staxex\stax-ex\1.8.1\stax-ex-1.8.1.jar,C:\Users\jonan\.m2\repository\com\sun\xml\fastinfoset\FastInfoset\1.2.16\FastInfoset-1.2.16.jar,C:\Users\jonan\.m2\repository\jakarta\xml\ws\jakarta.xml.ws-api\2.3.2\jakarta.xml.ws-api-2.3.2.jar,C:\Users\jonan\.m2\repository\jakarta\xml\soap\jakarta.xml.soap-api\1.4.1\jakarta.xml.soap-api-1.4.1.jar,C:\Users\jonan\.m2\repository\jakarta\annotation\jakart...
  - sonar.links.ci=
  - sonar.links.homepage=
  - sonar.links.issue=
  - sonar.links.scm=
  - sonar.links.scm_dev=
  - sonar.login=******
  - sonar.moduleKey=jonanderjimenez_probaproiektua
  - sonar.organization=jonanderjimenez
  - sonar.projectBaseDir=C:\Users\jonan\Documents\GitHub\Bet22Lite-master
  - sonar.projectBuildDir=C:\Users\jonan\Documents\GitHub\Bet22Lite-master\target
  - sonar.projectKey=jonanderjimenez_probaproiektua
  - sonar.projectName=is2
  - sonar.projectVersion=0.0.1-SNAPSHOT
  - sonar.scanner.app=ScannerMaven
  - sonar.scanner.appVersion=3.10.0.2594/3.9.4
  - sonar.sourceEncoding=UTF-8
  - sonar.sources=C:\Users\jonan\Documents\GitHub\Bet22Lite-master\pom.xml,C:\Users\jonan\Documents\GitHub\Bet22Lite-master\src\main\java
  - sonar.tests=C:\Users\jonan\Documents\GitHub\Bet22Lite-master\src\test\java
  - sonar.working.directory=C:\Users\jonan\Documents\GitHub\Bet22Lite-master\target\sonar
